<?xml version="1.0" encoding="UTF-8"?>
<!-- Generated by org.testng.reporters.JUnitReportReporter -->
<testsuite hostname="DESKTOP-8RQD3QV" failures="0" tests="4" name="Tasks" time="78.672" errors="0" timestamp="2024-04-07T22:56:21 EET" skipped="0">
  <testcase classname="Tasks" name="SignupProcess" time="7.253"/>
  <system-out/>
  <testcase classname="Tasks" name="SignInProcess" time="6.467"/>
  <system-out/>
  <testcase classname="Tasks" name="AddTheFirstThreeItems" time="50.148"/>
  <system-out/>
  <testcase classname="Tasks" name="AddRandomItemFormMenSection" time="14.804"/>
  <system-out/>
</testsuite> <!-- Tasks -->
